# JRE version: Java(TM) SE Runtime Environment (8.0_161-b12) (build 1.8.0_161-b12)
# Java VM: Java HotSpot(TM) 64-Bit Server VM (25.161-b12 mixed mode windows-amd64 compressed oops)
Heap:
 PSYoungGen      total 829440K, used 342092K [0x000000076b300000, 0x00000007a1080000, 0x00000007c0000000)
  eden space 784896K, 41% used [0x000000076b300000,0x000000077f18b798,0x000000079b180000)
  from space 44544K, 35% used [0x000000079e500000,0x000000079f487c50,0x00000007a1080000)
  to   space 48640K, 0% used [0x000000079b180000,0x000000079b180000,0x000000079e100000)
 ParOldGen       total 2346496K, used 2165705K [0x00000006c1800000, 0x0000000750b80000, 0x000000076b300000)
  object space 2346496K, 92% used [0x00000006c1800000,0x0000000745af2560,0x0000000750b80000)
 Metaspace       used 81809K, capacity 82870K, committed 83160K, reserved 1120256K
  class space    used 11910K, capacity 12140K, committed 12248K, reserved 1048576K
GC Heap History (10 events):
Event: 18.215 GC heap before
{Heap before GC invocations=16 (full 3):
 PSYoungGen      total 428544K, used 426525K [0x000000076b300000, 0x0000000786d80000, 0x00000007c0000000)
  eden space 421376K, 100% used [0x000000076b300000,0x0000000784e80000,0x0000000784e80000)
  from space 7168K, 71% used [0x0000000786680000,0x0000000786b87408,0x0000000786d80000)
  to   space 15872K, 0% used [0x0000000784e80000,0x0000000784e80000,0x0000000785e00000)
 ParOldGen       total 145408K, used 28151K [0x00000006c1800000, 0x00000006ca600000, 0x000000076b300000)
  object space 145408K, 19% used [0x00000006c1800000,0x00000006c337dfb0,0x00000006ca600000)
 Metaspace       used 72045K, capacity 72682K, committed 72792K, reserved 1112064K
  class space    used 10631K, capacity 10784K, committed 10840K, reserved 1048576K
Event: 18.220 GC heap after
Heap after GC invocations=16 (full 3):
 PSYoungGen      total 437248K, used 512K [0x000000076b300000, 0x0000000791880000, 0x00000007c0000000)
  eden space 421376K, 0% used [0x000000076b300000,0x000000076b300000,0x0000000784e80000)
  from space 15872K, 3% used [0x0000000784e80000,0x0000000784f00010,0x0000000785e00000)
  to   space 16896K, 0% used [0x0000000790800000,0x0000000790800000,0x0000000791880000)
 ParOldGen       total 145408K, used 30436K [0x00000006c1800000, 0x00000006ca600000, 0x000000076b300000)
  object space 145408K, 20% used [0x00000006c1800000,0x00000006c35b9360,0x00000006ca600000)
 Metaspace       used 72045K, capacity 72682K, committed 72792K, reserved 1112064K
  class space    used 10631K, capacity 10784K, committed 10840K, reserved 1048576K
}
Event: 24.806 GC heap before
{Heap before GC invocations=17 (full 3):
 PSYoungGen      total 437248K, used 421888K [0x000000076b300000, 0x0000000791880000, 0x00000007c0000000)
  eden space 421376K, 100% used [0x000000076b300000,0x0000000784e80000,0x0000000784e80000)
  from space 15872K, 3% used [0x0000000784e80000,0x0000000784f00010,0x0000000785e00000)
  to   space 16896K, 0% used [0x0000000790800000,0x0000000790800000,0x0000000791880000)
 ParOldGen       total 145408K, used 30436K [0x00000006c1800000, 0x00000006ca600000, 0x000000076b300000)
  object space 145408K, 20% used [0x00000006c1800000,0x00000006c35b9360,0x00000006ca600000)
 Metaspace       used 72111K, capacity 72746K, committed 73048K, reserved 1112064K
  class space    used 10642K, capacity 10784K, committed 10840K, reserved 1048576K
Event: 24.808 GC heap after
Heap after GC invocations=17 (full 3):
 PSYoungGen      total 579072K, used 544K [0x000000076b300000, 0x0000000790900000, 0x00000007c0000000)
  eden space 578048K, 0% used [0x000000076b300000,0x000000076b300000,0x000000078e780000)
  from space 1024K, 53% used [0x0000000790800000,0x0000000790888000,0x0000000790900000)
  to   space 16896K, 0% used [0x000000078e800000,0x000000078e800000,0x000000078f880000)
 ParOldGen       total 145408K, used 30690K [0x00000006c1800000, 0x00000006ca600000, 0x000000076b300000)
  object space 145408K, 21% used [0x00000006c1800000,0x00000006c35f8bb0,0x00000006ca600000)
 Metaspace       used 72111K, capacity 72746K, committed 73048K, reserved 1112064K
  class space    used 10642K, capacity 10784K, committed 10840K, reserved 1048576K
}
Event: 27.548 GC heap before
{Heap before GC invocations=18 (full 3):
 PSYoungGen      total 579072K, used 578592K [0x000000076b300000, 0x0000000790900000, 0x00000007c0000000)
  eden space 578048K, 100% used [0x000000076b300000,0x000000078e780000,0x000000078e780000)
  from space 1024K, 53% used [0x0000000790800000,0x0000000790888000,0x0000000790900000)
  to   space 16896K, 0% used [0x000000078e800000,0x000000078e800000,0x000000078f880000)
 ParOldGen       total 145408K, used 30690K [0x00000006c1800000, 0x00000006ca600000, 0x000000076b300000)
  object space 145408K, 21% used [0x00000006c1800000,0x00000006c35f8bb0,0x00000006ca600000)
 Metaspace       used 76330K, capacity 77340K, committed 77656K, reserved 1116160K
  class space    used 11266K, capacity 11497K, committed 11608K, reserved 1048576K
Event: 27.602 GC heap after
Heap after GC invocations=18 (full 3):
 PSYoungGen      total 595456K, used 16880K [0x000000076b300000, 0x00000007a1800000, 0x00000007c0000000)
  eden space 578560K, 0% used [0x000000076b300000,0x000000076b300000,0x000000078e800000)
  from space 16896K, 99% used [0x000000078e800000,0x000000078f87c220,0x000000078f880000)
  to   space 52224K, 0% used [0x000000079e500000,0x000000079e500000,0x00000007a1800000)
 ParOldGen       total 145408K, used 118130K [0x00000006c1800000, 0x00000006ca600000, 0x000000076b300000)
  object space 145408K, 81% used [0x00000006c1800000,0x00000006c8b5c870,0x00000006ca600000)
 Metaspace       used 76330K, capacity 77340K, committed 77656K, reserved 1116160K
  class space    used 11266K, capacity 11497K, committed 11608K, reserved 1048576K
}
Event: 27.602 GC heap before
{Heap before GC invocations=19 (full 4):
 PSYoungGen      total 595456K, used 16880K [0x000000076b300000, 0x00000007a1800000, 0x00000007c0000000)
  eden space 578560K, 0% used [0x000000076b300000,0x000000076b300000,0x000000078e800000)
  from space 16896K, 99% used [0x000000078e800000,0x000000078f87c220,0x000000078f880000)
  to   space 52224K, 0% used [0x000000079e500000,0x000000079e500000,0x00000007a1800000)
 ParOldGen       total 145408K, used 118130K [0x00000006c1800000, 0x00000006ca600000, 0x000000076b300000)
  object space 145408K, 81% used [0x00000006c1800000,0x00000006c8b5c870,0x00000006ca600000)
 Metaspace       used 76330K, capacity 77340K, committed 77656K, reserved 1116160K
  class space    used 11266K, capacity 11497K, committed 11608K, reserved 1048576K
Event: 27.740 GC heap after
Heap after GC invocations=19 (full 4):
 PSYoungGen      total 595456K, used 0K [0x000000076b300000, 0x00000007a1800000, 0x00000007c0000000)
  eden space 578560K, 0% used [0x000000076b300000,0x000000076b300000,0x000000078e800000)
  from space 16896K, 0% used [0x000000078e800000,0x000000078e800000,0x000000078f880000)
  to   space 52224K, 0% used [0x000000079e500000,0x000000079e500000,0x00000007a1800000)
 ParOldGen       total 273920K, used 93591K [0x00000006c1800000, 0x00000006d2380000, 0x000000076b300000)
  object space 273920K, 34% used [0x00000006c1800000,0x00000006c7365d20,0x00000006d2380000)
 Metaspace       used 76290K, capacity 77274K, committed 77656K, reserved 1116160K
  class space    used 11260K, capacity 11486K, committed 11608K, reserved 1048576K
}
Event: 30.056 GC heap before
{Heap before GC invocations=20 (full 4):
 PSYoungGen      total 595456K, used 578560K [0x000000076b300000, 0x00000007a1800000, 0x00000007c0000000)
  eden space 578560K, 100% used [0x000000076b300000,0x000000078e800000,0x000000078e800000)
  from space 16896K, 0% used [0x000000078e800000,0x000000078e800000,0x000000078f880000)
  to   space 52224K, 0% used [0x000000079e500000,0x000000079e500000,0x00000007a1800000)
 ParOldGen       total 273920K, used 93591K [0x00000006c1800000, 0x00000006d2380000, 0x000000076b300000)
  object space 273920K, 34% used [0x00000006c1800000,0x00000006c7365d20,0x00000006d2380000)
 Metaspace       used 81568K, capacity 82672K, committed 82904K, reserved 1120256K
  class space    used 11896K, capacity 12138K, committed 12248K, reserved 1048576K
Event: 30.079 GC heap after
Heap after GC invocations=20 (full 4):
 PSYoungGen      total 829440K, used 15903K [0x000000076b300000, 0x00000007a1080000, 0x00000007c0000000)
  eden space 784896K, 0% used [0x000000076b300000,0x000000076b300000,0x000000079b180000)
  from space 44544K, 35% used [0x000000079e500000,0x000000079f487c50,0x00000007a1080000)
  to   space 48640K, 0% used [0x000000079b180000,0x000000079b180000,0x000000079e100000)
 ParOldGen       total 273920K, used 93599K [0x00000006c1800000, 0x00000006d2380000, 0x000000076b300000)
  object space 273920K, 34% used [0x00000006c1800000,0x00000006c7367d20,0x00000006d2380000)
 Metaspace       used 81568K, capacity 82672K, committed 82904K, reserved 1120256K
  class space    used 11896K, capacity 12138K, committed 12248K, reserved 1048576K
}

